2810
https://t.me/s/MsV2ray?before=2810
8992
https://t.me/s/EliV2ray?before=8992
14333
https://t.me/s/ServerNett?before=14333
23467
https://t.me/s/v2rayngvpn?before=23467
6419
https://t.me/s/custom_14?before=6419
5643
https://t.me/s/vpnaloo?before=5643
1811
https://t.me/s/vmess_vless_v2rayng?before=1811
21846
https://t.me/s/PrivateVPNs?before=21846
19387
https://t.me/s/freeland8?before=19387
183
https://t.me/s/vmessiran?before=183
3044
https://t.me/s/V2rayNG3?before=3044
4205
https://t.me/s/VmessProtocol?before=4205
1226
https://t.me/s/Easy_Free_VPN?before=1226
1174
https://t.me/s/free4allVPN?before=1174
6940
https://t.me/s/configV2rayForFree?before=6940
892
https://t.me/s/ViPVpn_v2ray?before=892
27954
https://t.me/s/ultrasurf_12?before=27954
3134
https://t.me/s/Awlix_ir?before=3134
6665
https://t.me/s/CaV2ray?before=6665
4579
https://t.me/s/server_nekobox?before=4579
6076
https://t.me/s/v2raying?before=6076
19233
https://t.me/s/V2RAYROZ?before=19233
4502
https://t.me/s/sinavm?before=4502
18318
https://t.me/s/customv2ray?before=18318
2190
https://t.me/s/fastkanfig?before=2190
81671
https://t.me/s/Hope_Net?before=81671
112
https://t.me/s/Free_Vpn_for_All_of_Us?before=112
182
https://t.me/s/NoForcedHeaven?before=182
3503
https://t.me/s/Vpnstable?before=3503
3043
https://t.me/s/orange_vpns?before=3043
289
https://t.me/s/FreeVPNHomesConfigs?before=289
171
https://t.me/s/Ahmedhamoomi_Servers?before=171
2413
https://t.me/s/ISVvpn?before=2413
4104
https://t.me/s/proSSH?before=4104
1354
https://t.me/s/GrizzlyVPN?before=1354
476509
https://t.me/s/v2Source?before=476509
45516
https://t.me/s/GetConfigIR?before=45516
13791
https://t.me/s/Parsashonam?before=13791
6852
https://t.me/s/ArV2ray?before=6852
3800
https://t.me/s/configfa?before=3800
554
https://t.me/s/xsfilternet?before=554
42169
https://t.me/s/WireVpnGuard?before=42169
72177
https://t.me/s/v2rayfree?before=72177
36868
https://t.me/s/v2ray_free_conf?before=36868
192907
https://t.me/s/IP_CF_Config?before=192907
12862
https://t.me/s/shadowproxy66?before=12862
2086
https://t.me/s/OutlineReleasedKey?before=2086
34830
https://t.me/s/prrofile_purple?before=34830
18806
https://t.me/s/DirectVPN?before=18806
8531
https://t.me/s/ViProxys?before=8531
129777
https://t.me/s/heyatserver?before=129777
30665
https://t.me/s/vpnfail_vless?before=30665
18652
https://t.me/s/AzadNet?before=18652
2354
https://t.me/s/golestan_vpn?before=2354
1075
https://t.me/s/xroVPN?before=1075
433
https://t.me/s/viturey?before=433
1041
https://t.me/s/Ln2Ray?before=1041
703
https://t.me/s/ZeusVPN_Net?before=703
731
https://t.me/s/v2box_free?before=731
17920
https://t.me/s/VlessConfig?before=17920
8561
https://t.me/s/SafeNet_Server?before=8561
5482
https://t.me/s/lrnbymaa?before=5482
File written successfully
File written successfully
File written successfully
File written successfully
File written successfully
File written successfully
File written successfully
File written successfully
